{"/Users/hyeonjin/Documents/FrontendProject/batton/mocks/fileMock.ts": {"path":"/Users/hyeonjin/Documents/FrontendProject/batton/mocks/fileMock.ts","statementMap":{"0":{"start":{"line":1,"column":13},"end":{"line":1,"column":29}},"1":{"start":{"line":2,"column":0},"end":{"line":2,"column":20}}},"fnMap":{},"branchMap":{},"s":{"0":2,"1":2},"f":{},"b":{}}
,"/Users/hyeonjin/Documents/FrontendProject/batton/src/components/CommonModal.tsx": {"path":"/Users/hyeonjin/Documents/FrontendProject/batton/src/components/CommonModal.tsx","statementMap":{"0":{"start":{"line":17,"column":2},"end":{"line":55,"column":4}},"1":{"start":{"line":16,"column":0},"end":{"line":16,"column":24}}},"fnMap":{"0":{"name":"CommonModal","decl":{"start":{"line":16,"column":24},"end":{"line":16,"column":35}},"loc":{"start":{"line":16,"column":102},"end":{"line":56,"column":1}}}},"branchMap":{},"s":{"0":0,"1":1},"f":{"0":0},"b":{}}
,"/Users/hyeonjin/Documents/FrontendProject/batton/src/hooks/useInput.ts": {"path":"/Users/hyeonjin/Documents/FrontendProject/batton/src/hooks/useInput.ts","statementMap":{"0":{"start":{"line":1,"column":0},"end":{"line":1,"column":85}},"1":{"start":{"line":5,"column":17},"end":{"line":11,"column":1}},"2":{"start":{"line":6,"column":28},"end":{"line":6,"column":49}},"3":{"start":{"line":7,"column":18},"end":{"line":9,"column":8}},"4":{"start":{"line":8,"column":4},"end":{"line":8,"column":47}},"5":{"start":{"line":10,"column":2},"end":{"line":10,"column":36}},"6":{"start":{"line":13,"column":0},"end":{"line":13,"column":24}}},"fnMap":{"0":{"name":"(anonymous_0)","decl":{"start":{"line":5,"column":17},"end":{"line":5,"column":21}},"loc":{"start":{"line":5,"column":55},"end":{"line":11,"column":1}}},"1":{"name":"(anonymous_1)","decl":{"start":{"line":7,"column":30},"end":{"line":7,"column":31}},"loc":{"start":{"line":7,"column":67},"end":{"line":9,"column":3}}}},"branchMap":{},"s":{"0":1,"1":1,"2":40,"3":40,"4":0,"5":40,"6":1},"f":{"0":40,"1":0},"b":{}}
,"/Users/hyeonjin/Documents/FrontendProject/batton/src/pages/common/ForgetPwPage.tsx": {"path":"/Users/hyeonjin/Documents/FrontendProject/batton/src/pages/common/ForgetPwPage.tsx","statementMap":{"0":{"start":{"line":1,"column":0},"end":{"line":1,"column":75}},"1":{"start":{"line":2,"column":0},"end":{"line":2,"column":75}},"2":{"start":{"line":5,"column":2},"end":{"line":31,"column":4}},"3":{"start":{"line":4,"column":0},"end":{"line":4,"column":24}}},"fnMap":{"0":{"name":"ForgetPwPage","decl":{"start":{"line":4,"column":24},"end":{"line":4,"column":36}},"loc":{"start":{"line":4,"column":36},"end":{"line":32,"column":1}}}},"branchMap":{},"s":{"0":1,"1":1,"2":2,"3":1},"f":{"0":2},"b":{}}
,"/Users/hyeonjin/Documents/FrontendProject/batton/src/pages/common/LandingPage.tsx": {"path":"/Users/hyeonjin/Documents/FrontendProject/batton/src/pages/common/LandingPage.tsx","statementMap":{"0":{"start":{"line":1,"column":0},"end":{"line":1,"column":54}},"1":{"start":{"line":2,"column":0},"end":{"line":2,"column":47}},"2":{"start":{"line":5,"column":19},"end":{"line":5,"column":32}},"3":{"start":{"line":10,"column":2},"end":{"line":20,"column":4}},"4":{"start":{"line":14,"column":23},"end":{"line":14,"column":41}},"5":{"start":{"line":4,"column":0},"end":{"line":4,"column":24}}},"fnMap":{"0":{"name":"LandingPage","decl":{"start":{"line":4,"column":24},"end":{"line":4,"column":35}},"loc":{"start":{"line":4,"column":35},"end":{"line":21,"column":1}}},"1":{"name":"(anonymous_2)","decl":{"start":{"line":14,"column":17},"end":{"line":14,"column":20}},"loc":{"start":{"line":14,"column":23},"end":{"line":14,"column":41}}}},"branchMap":{},"s":{"0":2,"1":2,"2":3,"3":3,"4":1,"5":2},"f":{"0":3,"1":1},"b":{}}
,"/Users/hyeonjin/Documents/FrontendProject/batton/src/pages/common/NotFoundPage.tsx": {"path":"/Users/hyeonjin/Documents/FrontendProject/batton/src/pages/common/NotFoundPage.tsx","statementMap":{"0":{"start":{"line":1,"column":0},"end":{"line":1,"column":69}},"1":{"start":{"line":2,"column":0},"end":{"line":2,"column":47}},"2":{"start":{"line":5,"column":19},"end":{"line":5,"column":32}},"3":{"start":{"line":7,"column":2},"end":{"line":14,"column":4}},"4":{"start":{"line":10,"column":29},"end":{"line":10,"column":42}},"5":{"start":{"line":4,"column":0},"end":{"line":4,"column":24}}},"fnMap":{"0":{"name":"NotFoundPage","decl":{"start":{"line":4,"column":24},"end":{"line":4,"column":36}},"loc":{"start":{"line":4,"column":36},"end":{"line":15,"column":1}}},"1":{"name":"(anonymous_2)","decl":{"start":{"line":10,"column":23},"end":{"line":10,"column":26}},"loc":{"start":{"line":10,"column":29},"end":{"line":10,"column":42}}}},"branchMap":{},"s":{"0":1,"1":1,"2":2,"3":2,"4":1,"5":1},"f":{"0":2,"1":1},"b":{}}
,"/Users/hyeonjin/Documents/FrontendProject/batton/src/pages/common/SignupPage.tsx": {"path":"/Users/hyeonjin/Documents/FrontendProject/batton/src/pages/common/SignupPage.tsx","statementMap":{"0":{"start":{"line":1,"column":0},"end":{"line":1,"column":64}},"1":{"start":{"line":2,"column":0},"end":{"line":2,"column":75}},"2":{"start":{"line":3,"column":0},"end":{"line":3,"column":65}},"3":{"start":{"line":4,"column":0},"end":{"line":4,"column":47}},"4":{"start":{"line":5,"column":0},"end":{"line":5,"column":60}},"5":{"start":{"line":6,"column":0},"end":{"line":6,"column":43}},"6":{"start":{"line":7,"column":0},"end":{"line":7,"column":74}},"7":{"start":{"line":8,"column":0},"end":{"line":8,"column":54}},"8":{"start":{"line":24,"column":21},"end":{"line":24,"column":35}},"9":{"start":{"line":26,"column":4},"end":{"line":26,"column":60}},"10":{"start":{"line":29,"column":30},"end":{"line":29,"column":50}},"11":{"start":{"line":31,"column":36},"end":{"line":31,"column":48}},"12":{"start":{"line":33,"column":36},"end":{"line":33,"column":48}},"13":{"start":{"line":35,"column":46},"end":{"line":35,"column":58}},"14":{"start":{"line":37,"column":34},"end":{"line":37,"column":54}},"15":{"start":{"line":40,"column":52},"end":{"line":40,"column":76}},"16":{"start":{"line":42,"column":50},"end":{"line":42,"column":65}},"17":{"start":{"line":44,"column":38},"end":{"line":44,"column":53}},"18":{"start":{"line":46,"column":60},"end":{"line":46,"column":75}},"19":{"start":{"line":48,"column":46},"end":{"line":48,"column":58}},"20":{"start":{"line":50,"column":40},"end":{"line":50,"column":52}},"21":{"start":{"line":52,"column":46},"end":{"line":52,"column":58}},"22":{"start":{"line":54,"column":46},"end":{"line":54,"column":58}},"23":{"start":{"line":56,"column":56},"end":{"line":56,"column":68}},"24":{"start":{"line":59,"column":40},"end":{"line":59,"column":55}},"25":{"start":{"line":61,"column":36},"end":{"line":66,"column":4}},"26":{"start":{"line":69,"column":32},"end":{"line":69,"column":51}},"27":{"start":{"line":70,"column":32},"end":{"line":70,"column":51}},"28":{"start":{"line":72,"column":19},"end":{"line":72,"column":32}},"29":{"start":{"line":81,"column":42},"end":{"line":89,"column":3}},"30":{"start":{"line":82,"column":4},"end":{"line":88,"column":6}},"31":{"start":{"line":91,"column":42},"end":{"line":104,"column":3}},"32":{"start":{"line":92,"column":4},"end":{"line":103,"column":6}},"33":{"start":{"line":106,"column":24},"end":{"line":110,"column":null}},"34":{"start":{"line":108,"column":6},"end":{"line":108,"column":31}},"35":{"start":{"line":113,"column":27},"end":{"line":118,"column":null}},"36":{"start":{"line":115,"column":6},"end":{"line":115,"column":61}},"37":{"start":{"line":116,"column":6},"end":{"line":116,"column":34}},"38":{"start":{"line":121,"column":27},"end":{"line":125,"column":null}},"39":{"start":{"line":123,"column":6},"end":{"line":123,"column":34}},"40":{"start":{"line":128,"column":27},"end":{"line":133,"column":null}},"41":{"start":{"line":130,"column":6},"end":{"line":130,"column":34}},"42":{"start":{"line":136,"column":32},"end":{"line":141,"column":null}},"43":{"start":{"line":138,"column":6},"end":{"line":138,"column":39}},"44":{"start":{"line":144,"column":2},"end":{"line":153,"column":14}},"45":{"start":{"line":146,"column":4},"end":{"line":152,"column":null}},"46":{"start":{"line":147,"column":6},"end":{"line":147,"column":25}},"47":{"start":{"line":148,"column":11},"end":{"line":152,"column":null}},"48":{"start":{"line":149,"column":6},"end":{"line":149,"column":43}},"49":{"start":{"line":151,"column":6},"end":{"line":151,"column":39}},"50":{"start":{"line":155,"column":2},"end":{"line":164,"column":17}},"51":{"start":{"line":157,"column":4},"end":{"line":163,"column":null}},"52":{"start":{"line":158,"column":6},"end":{"line":158,"column":28}},"53":{"start":{"line":159,"column":11},"end":{"line":163,"column":null}},"54":{"start":{"line":160,"column":6},"end":{"line":160,"column":43}},"55":{"start":{"line":162,"column":6},"end":{"line":162,"column":42}},"56":{"start":{"line":166,"column":2},"end":{"line":176,"column":17}},"57":{"start":{"line":167,"column":4},"end":{"line":175,"column":null}},"58":{"start":{"line":168,"column":6},"end":{"line":168,"column":28}},"59":{"start":{"line":169,"column":11},"end":{"line":175,"column":null}},"60":{"start":{"line":170,"column":6},"end":{"line":172,"column":8}},"61":{"start":{"line":174,"column":6},"end":{"line":174,"column":43}},"62":{"start":{"line":178,"column":2},"end":{"line":186,"column":32}},"63":{"start":{"line":179,"column":4},"end":{"line":185,"column":null}},"64":{"start":{"line":180,"column":6},"end":{"line":180,"column":33}},"65":{"start":{"line":181,"column":11},"end":{"line":185,"column":null}},"66":{"start":{"line":182,"column":6},"end":{"line":182,"column":49}},"67":{"start":{"line":184,"column":6},"end":{"line":184,"column":45}},"68":{"start":{"line":188,"column":44},"end":{"line":188,"column":59}},"69":{"start":{"line":189,"column":42},"end":{"line":189,"column":57}},"70":{"start":{"line":190,"column":44},"end":{"line":190,"column":59}},"71":{"start":{"line":191,"column":54},"end":{"line":191,"column":69}},"72":{"start":{"line":192,"column":38},"end":{"line":192,"column":53}},"73":{"start":{"line":193,"column":36},"end":{"line":193,"column":51}},"74":{"start":{"line":195,"column":24},"end":{"line":244,"column":3}},"75":{"start":{"line":197,"column":4},"end":{"line":200,"column":null}},"76":{"start":{"line":198,"column":6},"end":{"line":198,"column":28}},"77":{"start":{"line":199,"column":6},"end":{"line":199,"column":13}},"78":{"start":{"line":202,"column":4},"end":{"line":205,"column":null}},"79":{"start":{"line":203,"column":6},"end":{"line":203,"column":26}},"80":{"start":{"line":204,"column":6},"end":{"line":204,"column":13}},"81":{"start":{"line":208,"column":4},"end":{"line":211,"column":null}},"82":{"start":{"line":209,"column":6},"end":{"line":209,"column":29}},"83":{"start":{"line":210,"column":6},"end":{"line":210,"column":13}},"84":{"start":{"line":214,"column":4},"end":{"line":217,"column":null}},"85":{"start":{"line":215,"column":6},"end":{"line":215,"column":29}},"86":{"start":{"line":216,"column":6},"end":{"line":216,"column":13}},"87":{"start":{"line":220,"column":4},"end":{"line":223,"column":null}},"88":{"start":{"line":221,"column":6},"end":{"line":221,"column":34}},"89":{"start":{"line":222,"column":6},"end":{"line":222,"column":13}},"90":{"start":{"line":224,"column":4},"end":{"line":243,"column":null}},"91":{"start":{"line":225,"column":37},"end":{"line":231,"column":8}},"92":{"start":{"line":233,"column":6},"end":{"line":240,"column":9}},"93":{"start":{"line":234,"column":8},"end":{"line":234,"column":37}},"94":{"start":{"line":235,"column":8},"end":{"line":235,"column":32}},"95":{"start":{"line":236,"column":8},"end":{"line":239,"column":null}},"96":{"start":{"line":237,"column":10},"end":{"line":237,"column":29}},"97":{"start":{"line":238,"column":10},"end":{"line":238,"column":29}},"98":{"start":{"line":242,"column":6},"end":{"line":242,"column":25}},"99":{"start":{"line":247,"column":21},"end":{"line":277,"column":3}},"100":{"start":{"line":248,"column":4},"end":{"line":250,"column":null}},"101":{"start":{"line":249,"column":6},"end":{"line":249,"column":13}},"102":{"start":{"line":252,"column":4},"end":{"line":254,"column":null}},"103":{"start":{"line":253,"column":6},"end":{"line":253,"column":13}},"104":{"start":{"line":256,"column":4},"end":{"line":256,"column":31}},"105":{"start":{"line":258,"column":31},"end":{"line":260,"column":6}},"106":{"start":{"line":262,"column":4},"end":{"line":276,"column":50}},"107":{"start":{"line":265,"column":8},"end":{"line":271,"column":22}},"108":{"start":{"line":266,"column":10},"end":{"line":266,"column":36}},"109":{"start":{"line":267,"column":10},"end":{"line":267,"column":30}},"110":{"start":{"line":268,"column":15},"end":{"line":271,"column":22}},"111":{"start":{"line":269,"column":10},"end":{"line":269,"column":43}},"112":{"start":{"line":270,"column":10},"end":{"line":270,"column":17}},"113":{"start":{"line":271,"column":15},"end":{"line":271,"column":22}},"114":{"start":{"line":274,"column":8},"end":{"line":274,"column":27}},"115":{"start":{"line":276,"column":21},"end":{"line":276,"column":48}},"116":{"start":{"line":279,"column":31},"end":{"line":299,"column":3}},"117":{"start":{"line":280,"column":4},"end":{"line":282,"column":null}},"118":{"start":{"line":281,"column":6},"end":{"line":281,"column":13}},"119":{"start":{"line":284,"column":28},"end":{"line":287,"column":6}},"120":{"start":{"line":288,"column":4},"end":{"line":298,"column":9}},"121":{"start":{"line":291,"column":8},"end":{"line":297,"column":22}},"122":{"start":{"line":292,"column":10},"end":{"line":292,"column":41}},"123":{"start":{"line":293,"column":10},"end":{"line":293,"column":31}},"124":{"start":{"line":294,"column":10},"end":{"line":294,"column":48}},"125":{"start":{"line":295,"column":15},"end":{"line":297,"column":22}},"126":{"start":{"line":296,"column":10},"end":{"line":296,"column":48}},"127":{"start":{"line":297,"column":15},"end":{"line":297,"column":22}},"128":{"start":{"line":302,"column":2},"end":{"line":334,"column":37}},"129":{"start":{"line":305,"column":4},"end":{"line":316,"column":null}},"130":{"start":{"line":306,"column":6},"end":{"line":315,"column":15}},"131":{"start":{"line":307,"column":8},"end":{"line":314,"column":null}},"132":{"start":{"line":308,"column":10},"end":{"line":308,"column":34}},"133":{"start":{"line":310,"column":10},"end":{"line":313,"column":null}},"134":{"start":{"line":311,"column":12},"end":{"line":311,"column":36}},"135":{"start":{"line":312,"column":12},"end":{"line":312,"column":27}},"136":{"start":{"line":318,"column":4},"end":{"line":331,"column":null}},"137":{"start":{"line":319,"column":6},"end":{"line":319,"column":27}},"138":{"start":{"line":320,"column":6},"end":{"line":320,"column":19}},"139":{"start":{"line":321,"column":6},"end":{"line":321,"column":33}},"140":{"start":{"line":322,"column":6},"end":{"line":322,"column":20}},"141":{"start":{"line":323,"column":6},"end":{"line":329,"column":9}},"142":{"start":{"line":328,"column":26},"end":{"line":328,"column":47}},"143":{"start":{"line":330,"column":6},"end":{"line":330,"column":27}},"144":{"start":{"line":333,"column":4},"end":{"line":333,"column":42}},"145":{"start":{"line":333,"column":17},"end":{"line":333,"column":41}},"146":{"start":{"line":336,"column":2},"end":{"line":595,"column":4}},"147":{"start":{"line":353,"column":30},"end":{"line":353,"column":51}},"148":{"start":{"line":551,"column":28},"end":{"line":551,"column":51}},"149":{"start":{"line":559,"column":28},"end":{"line":559,"column":50}},"150":{"start":{"line":567,"column":28},"end":{"line":567,"column":51}},"151":{"start":{"line":575,"column":28},"end":{"line":575,"column":56}},"152":{"start":{"line":583,"column":28},"end":{"line":583,"column":48}},"153":{"start":{"line":591,"column":28},"end":{"line":591,"column":47}},"154":{"start":{"line":22,"column":0},"end":{"line":22,"column":24}}},"fnMap":{"0":{"name":"SignupPage","decl":{"start":{"line":22,"column":24},"end":{"line":22,"column":34}},"loc":{"start":{"line":22,"column":34},"end":{"line":596,"column":1}}},"1":{"name":"(anonymous_2)","decl":{"start":{"line":65,"column":16},"end":{"line":65,"column":19}},"loc":{"start":{"line":65,"column":21},"end":{"line":65,"column":24}}},"2":{"name":"(anonymous_3)","decl":{"start":{"line":81,"column":42},"end":{"line":81,"column":43}},"loc":{"start":{"line":81,"column":55},"end":{"line":89,"column":3}}},"3":{"name":"(anonymous_4)","decl":{"start":{"line":91,"column":42},"end":{"line":91,"column":43}},"loc":{"start":{"line":91,"column":55},"end":{"line":104,"column":3}}},"4":{"name":"(anonymous_5)","decl":{"start":{"line":107,"column":4},"end":{"line":107,"column":5}},"loc":{"start":{"line":107,"column":47},"end":{"line":109,"column":5}}},"5":{"name":"(anonymous_6)","decl":{"start":{"line":114,"column":4},"end":{"line":114,"column":5}},"loc":{"start":{"line":114,"column":47},"end":{"line":117,"column":5}}},"6":{"name":"(anonymous_7)","decl":{"start":{"line":122,"column":4},"end":{"line":122,"column":5}},"loc":{"start":{"line":122,"column":47},"end":{"line":124,"column":5}}},"7":{"name":"(anonymous_8)","decl":{"start":{"line":129,"column":4},"end":{"line":129,"column":5}},"loc":{"start":{"line":129,"column":47},"end":{"line":132,"column":5}}},"8":{"name":"(anonymous_9)","decl":{"start":{"line":137,"column":4},"end":{"line":137,"column":5}},"loc":{"start":{"line":137,"column":47},"end":{"line":140,"column":5}}},"9":{"name":"(anonymous_10)","decl":{"start":{"line":144,"column":12},"end":{"line":144,"column":15}},"loc":{"start":{"line":144,"column":17},"end":{"line":153,"column":3}}},"10":{"name":"(anonymous_11)","decl":{"start":{"line":155,"column":12},"end":{"line":155,"column":15}},"loc":{"start":{"line":155,"column":17},"end":{"line":164,"column":3}}},"11":{"name":"(anonymous_12)","decl":{"start":{"line":166,"column":12},"end":{"line":166,"column":15}},"loc":{"start":{"line":166,"column":17},"end":{"line":176,"column":3}}},"12":{"name":"(anonymous_13)","decl":{"start":{"line":178,"column":12},"end":{"line":178,"column":15}},"loc":{"start":{"line":178,"column":17},"end":{"line":186,"column":3}}},"13":{"name":"(anonymous_14)","decl":{"start":{"line":195,"column":24},"end":{"line":195,"column":29}},"loc":{"start":{"line":195,"column":35},"end":{"line":244,"column":3}}},"14":{"name":"(anonymous_15)","decl":{"start":{"line":233,"column":60},"end":{"line":233,"column":61}},"loc":{"start":{"line":233,"column":73},"end":{"line":240,"column":7}}},"15":{"name":"(anonymous_16)","decl":{"start":{"line":247,"column":21},"end":{"line":247,"column":26}},"loc":{"start":{"line":247,"column":32},"end":{"line":277,"column":3}}},"16":{"name":"(anonymous_17)","decl":{"start":{"line":264,"column":12},"end":{"line":264,"column":13}},"loc":{"start":{"line":264,"column":25},"end":{"line":272,"column":7}}},"17":{"name":"(anonymous_18)","decl":{"start":{"line":273,"column":13},"end":{"line":273,"column":14}},"loc":{"start":{"line":273,"column":23},"end":{"line":275,"column":7}}},"18":{"name":"(anonymous_19)","decl":{"start":{"line":276,"column":15},"end":{"line":276,"column":18}},"loc":{"start":{"line":276,"column":21},"end":{"line":276,"column":48}}},"19":{"name":"(anonymous_20)","decl":{"start":{"line":279,"column":31},"end":{"line":279,"column":36}},"loc":{"start":{"line":279,"column":42},"end":{"line":299,"column":3}}},"20":{"name":"(anonymous_21)","decl":{"start":{"line":290,"column":12},"end":{"line":290,"column":13}},"loc":{"start":{"line":290,"column":25},"end":{"line":298,"column":7}}},"21":{"name":"(anonymous_22)","decl":{"start":{"line":302,"column":12},"end":{"line":302,"column":15}},"loc":{"start":{"line":302,"column":17},"end":{"line":334,"column":3}}},"22":{"name":"(anonymous_23)","decl":{"start":{"line":306,"column":30},"end":{"line":306,"column":33}},"loc":{"start":{"line":306,"column":35},"end":{"line":315,"column":7}}},"23":{"name":"(anonymous_24)","decl":{"start":{"line":328,"column":20},"end":{"line":328,"column":23}},"loc":{"start":{"line":328,"column":26},"end":{"line":328,"column":47}}},"24":{"name":"(anonymous_25)","decl":{"start":{"line":333,"column":11},"end":{"line":333,"column":14}},"loc":{"start":{"line":333,"column":17},"end":{"line":333,"column":41}}},"25":{"name":"(anonymous_26)","decl":{"start":{"line":353,"column":24},"end":{"line":353,"column":27}},"loc":{"start":{"line":353,"column":30},"end":{"line":353,"column":51}}},"26":{"name":"(anonymous_27)","decl":{"start":{"line":551,"column":22},"end":{"line":551,"column":25}},"loc":{"start":{"line":551,"column":28},"end":{"line":551,"column":51}}},"27":{"name":"(anonymous_28)","decl":{"start":{"line":559,"column":22},"end":{"line":559,"column":25}},"loc":{"start":{"line":559,"column":28},"end":{"line":559,"column":50}}},"28":{"name":"(anonymous_29)","decl":{"start":{"line":567,"column":22},"end":{"line":567,"column":25}},"loc":{"start":{"line":567,"column":28},"end":{"line":567,"column":51}}},"29":{"name":"(anonymous_30)","decl":{"start":{"line":575,"column":22},"end":{"line":575,"column":25}},"loc":{"start":{"line":575,"column":28},"end":{"line":575,"column":56}}},"30":{"name":"(anonymous_31)","decl":{"start":{"line":583,"column":22},"end":{"line":583,"column":25}},"loc":{"start":{"line":583,"column":28},"end":{"line":583,"column":48}}},"31":{"name":"(anonymous_32)","decl":{"start":{"line":591,"column":22},"end":{"line":591,"column":25}},"loc":{"start":{"line":591,"column":28},"end":{"line":591,"column":47}}}},"branchMap":{"0":{"loc":{"start":{"line":146,"column":4},"end":{"line":152,"column":null}},"type":"if","locations":[{"start":{"line":146,"column":4},"end":{"line":152,"column":null}},{"start":{"line":148,"column":11},"end":{"line":152,"column":null}}]},"1":{"loc":{"start":{"line":148,"column":11},"end":{"line":152,"column":null}},"type":"if","locations":[{"start":{"line":148,"column":11},"end":{"line":152,"column":null}},{"start":{"line":150,"column":11},"end":{"line":152,"column":null}}]},"2":{"loc":{"start":{"line":157,"column":4},"end":{"line":163,"column":null}},"type":"if","locations":[{"start":{"line":157,"column":4},"end":{"line":163,"column":null}},{"start":{"line":159,"column":11},"end":{"line":163,"column":null}}]},"3":{"loc":{"start":{"line":159,"column":11},"end":{"line":163,"column":null}},"type":"if","locations":[{"start":{"line":159,"column":11},"end":{"line":163,"column":null}},{"start":{"line":161,"column":11},"end":{"line":163,"column":null}}]},"4":{"loc":{"start":{"line":167,"column":4},"end":{"line":175,"column":null}},"type":"if","locations":[{"start":{"line":167,"column":4},"end":{"line":175,"column":null}},{"start":{"line":169,"column":11},"end":{"line":175,"column":null}}]},"5":{"loc":{"start":{"line":169,"column":11},"end":{"line":175,"column":null}},"type":"if","locations":[{"start":{"line":169,"column":11},"end":{"line":175,"column":null}},{"start":{"line":173,"column":11},"end":{"line":175,"column":null}}]},"6":{"loc":{"start":{"line":179,"column":4},"end":{"line":185,"column":null}},"type":"if","locations":[{"start":{"line":179,"column":4},"end":{"line":185,"column":null}},{"start":{"line":181,"column":11},"end":{"line":185,"column":null}}]},"7":{"loc":{"start":{"line":181,"column":11},"end":{"line":185,"column":null}},"type":"if","locations":[{"start":{"line":181,"column":11},"end":{"line":185,"column":null}},{"start":{"line":183,"column":11},"end":{"line":185,"column":null}}]},"8":{"loc":{"start":{"line":197,"column":4},"end":{"line":200,"column":null}},"type":"if","locations":[{"start":{"line":197,"column":4},"end":{"line":200,"column":null}}]},"9":{"loc":{"start":{"line":202,"column":4},"end":{"line":205,"column":null}},"type":"if","locations":[{"start":{"line":202,"column":4},"end":{"line":205,"column":null}}]},"10":{"loc":{"start":{"line":208,"column":4},"end":{"line":211,"column":null}},"type":"if","locations":[{"start":{"line":208,"column":4},"end":{"line":211,"column":null}}]},"11":{"loc":{"start":{"line":214,"column":4},"end":{"line":217,"column":null}},"type":"if","locations":[{"start":{"line":214,"column":4},"end":{"line":217,"column":null}}]},"12":{"loc":{"start":{"line":220,"column":4},"end":{"line":223,"column":null}},"type":"if","locations":[{"start":{"line":220,"column":4},"end":{"line":223,"column":null}}]},"13":{"loc":{"start":{"line":236,"column":8},"end":{"line":239,"column":null}},"type":"if","locations":[{"start":{"line":236,"column":8},"end":{"line":239,"column":null}}]},"14":{"loc":{"start":{"line":248,"column":4},"end":{"line":250,"column":null}},"type":"if","locations":[{"start":{"line":248,"column":4},"end":{"line":250,"column":null}}]},"15":{"loc":{"start":{"line":252,"column":4},"end":{"line":254,"column":null}},"type":"if","locations":[{"start":{"line":252,"column":4},"end":{"line":254,"column":null}}]},"16":{"loc":{"start":{"line":265,"column":8},"end":{"line":271,"column":22}},"type":"if","locations":[{"start":{"line":265,"column":8},"end":{"line":271,"column":22}},{"start":{"line":268,"column":15},"end":{"line":271,"column":22}}]},"17":{"loc":{"start":{"line":268,"column":15},"end":{"line":271,"column":22}},"type":"if","locations":[{"start":{"line":268,"column":15},"end":{"line":271,"column":22}},{"start":{"line":271,"column":15},"end":{"line":271,"column":22}}]},"18":{"loc":{"start":{"line":280,"column":4},"end":{"line":282,"column":null}},"type":"if","locations":[{"start":{"line":280,"column":4},"end":{"line":282,"column":null}}]},"19":{"loc":{"start":{"line":291,"column":8},"end":{"line":297,"column":22}},"type":"if","locations":[{"start":{"line":291,"column":8},"end":{"line":297,"column":22}},{"start":{"line":295,"column":15},"end":{"line":297,"column":22}}]},"20":{"loc":{"start":{"line":295,"column":15},"end":{"line":297,"column":22}},"type":"if","locations":[{"start":{"line":295,"column":15},"end":{"line":297,"column":22}},{"start":{"line":297,"column":15},"end":{"line":297,"column":22}}]},"21":{"loc":{"start":{"line":305,"column":4},"end":{"line":316,"column":null}},"type":"if","locations":[{"start":{"line":305,"column":4},"end":{"line":316,"column":null}}]},"22":{"loc":{"start":{"line":305,"column":8},"end":{"line":305,"column":50}},"type":"binary-expr","locations":[{"start":{"line":305,"column":8},"end":{"line":305,"column":18}},{"start":{"line":305,"column":23},"end":{"line":305,"column":34}},{"start":{"line":305,"column":38},"end":{"line":305,"column":49}}]},"23":{"loc":{"start":{"line":307,"column":8},"end":{"line":314,"column":null}},"type":"if","locations":[{"start":{"line":307,"column":8},"end":{"line":314,"column":null}},{"start":{"line":309,"column":15},"end":{"line":314,"column":null}}]},"24":{"loc":{"start":{"line":310,"column":10},"end":{"line":313,"column":null}},"type":"if","locations":[{"start":{"line":310,"column":10},"end":{"line":313,"column":null}}]},"25":{"loc":{"start":{"line":318,"column":4},"end":{"line":331,"column":null}},"type":"if","locations":[{"start":{"line":318,"column":4},"end":{"line":331,"column":null}}]},"26":{"loc":{"start":{"line":318,"column":8},"end":{"line":318,"column":50}},"type":"binary-expr","locations":[{"start":{"line":318,"column":8},"end":{"line":318,"column":18}},{"start":{"line":318,"column":22},"end":{"line":318,"column":34}},{"start":{"line":318,"column":38},"end":{"line":318,"column":50}}]},"27":{"loc":{"start":{"line":348,"column":9},"end":{"line":354,"column":null}},"type":"binary-expr","locations":[{"start":{"line":348,"column":9},"end":{"line":348,"column":20}},{"start":{"line":349,"column":10},"end":{"line":353,"column":null}}]},"28":{"loc":{"start":{"line":372,"column":20},"end":{"line":374,"column":174}},"type":"cond-expr","locations":[{"start":{"line":373,"column":24},"end":{"line":373,"column":174}},{"start":{"line":374,"column":24},"end":{"line":374,"column":174}}]},"29":{"loc":{"start":{"line":379,"column":17},"end":{"line":396,"column":null}},"type":"binary-expr","locations":[{"start":{"line":379,"column":17},"end":{"line":379,"column":34}},{"start":{"line":380,"column":18},"end":{"line":395,"column":null}}]},"30":{"loc":{"start":{"line":401,"column":18},"end":{"line":403,"column":199}},"type":"cond-expr","locations":[{"start":{"line":402,"column":22},"end":{"line":402,"column":180}},{"start":{"line":403,"column":22},"end":{"line":403,"column":199}}]},"31":{"loc":{"start":{"line":408,"column":17},"end":{"line":408,"column":56}},"type":"cond-expr","locations":[{"start":{"line":408,"column":37},"end":{"line":408,"column":45}},{"start":{"line":408,"column":48},"end":{"line":408,"column":56}}]},"32":{"loc":{"start":{"line":412,"column":15},"end":{"line":415,"column":null}},"type":"cond-expr","locations":[{"start":{"line":413,"column":16},"end":{"line":413,"column":46}},{"start":{"line":415,"column":16},"end":{"line":415,"column":46}}]},"33":{"loc":{"start":{"line":419,"column":11},"end":{"line":469,"column":null}},"type":"binary-expr","locations":[{"start":{"line":419,"column":11},"end":{"line":419,"column":27}},{"start":{"line":420,"column":12},"end":{"line":468,"column":null}}]},"34":{"loc":{"start":{"line":435,"column":22},"end":{"line":437,"column":159}},"type":"cond-expr","locations":[{"start":{"line":436,"column":26},"end":{"line":436,"column":159}},{"start":{"line":437,"column":26},"end":{"line":437,"column":159}}]},"35":{"loc":{"start":{"line":443,"column":19},"end":{"line":446,"column":null}},"type":"binary-expr","locations":[{"start":{"line":443,"column":19},"end":{"line":443,"column":29}},{"start":{"line":444,"column":20},"end":{"line":445,"column":null}}]},"36":{"loc":{"start":{"line":445,"column":33},"end":{"line":445,"column":71}},"type":"cond-expr","locations":[{"start":{"line":445,"column":48},"end":{"line":445,"column":61}},{"start":{"line":445,"column":64},"end":{"line":445,"column":71}}]},"37":{"loc":{"start":{"line":451,"column":20},"end":{"line":453,"column":200}},"type":"cond-expr","locations":[{"start":{"line":452,"column":24},"end":{"line":452,"column":202}},{"start":{"line":453,"column":24},"end":{"line":453,"column":200}}]},"38":{"loc":{"start":{"line":458,"column":19},"end":{"line":458,"column":56}},"type":"cond-expr","locations":[{"start":{"line":458,"column":44},"end":{"line":458,"column":48}},{"start":{"line":458,"column":51},"end":{"line":458,"column":56}}]},"39":{"loc":{"start":{"line":462,"column":17},"end":{"line":463,"column":null}},"type":"binary-expr","locations":[{"start":{"line":462,"column":17},"end":{"line":462,"column":53}},{"start":{"line":463,"column":18},"end":{"line":463,"column":51}}]},"40":{"loc":{"start":{"line":465,"column":17},"end":{"line":466,"column":null}},"type":"binary-expr","locations":[{"start":{"line":465,"column":17},"end":{"line":465,"column":53}},{"start":{"line":466,"column":18},"end":{"line":466,"column":51}}]},"41":{"loc":{"start":{"line":486,"column":15},"end":{"line":489,"column":null}},"type":"cond-expr","locations":[{"start":{"line":487,"column":16},"end":{"line":487,"column":49}},{"start":{"line":489,"column":16},"end":{"line":489,"column":49}}]},"42":{"loc":{"start":{"line":508,"column":15},"end":{"line":511,"column":null}},"type":"cond-expr","locations":[{"start":{"line":509,"column":16},"end":{"line":509,"column":49}},{"start":{"line":511,"column":16},"end":{"line":511,"column":49}}]},"43":{"loc":{"start":{"line":530,"column":15},"end":{"line":533,"column":null}},"type":"cond-expr","locations":[{"start":{"line":531,"column":16},"end":{"line":531,"column":54}},{"start":{"line":533,"column":16},"end":{"line":533,"column":54}}]},"44":{"loc":{"start":{"line":546,"column":7},"end":{"line":552,"column":null}},"type":"binary-expr","locations":[{"start":{"line":546,"column":7},"end":{"line":546,"column":20}},{"start":{"line":547,"column":8},"end":{"line":551,"column":null}}]},"45":{"loc":{"start":{"line":554,"column":7},"end":{"line":560,"column":null}},"type":"binary-expr","locations":[{"start":{"line":554,"column":7},"end":{"line":554,"column":19}},{"start":{"line":555,"column":8},"end":{"line":559,"column":null}}]},"46":{"loc":{"start":{"line":562,"column":7},"end":{"line":568,"column":null}},"type":"binary-expr","locations":[{"start":{"line":562,"column":7},"end":{"line":562,"column":20}},{"start":{"line":563,"column":8},"end":{"line":567,"column":null}}]},"47":{"loc":{"start":{"line":570,"column":7},"end":{"line":576,"column":null}},"type":"binary-expr","locations":[{"start":{"line":570,"column":7},"end":{"line":570,"column":25}},{"start":{"line":571,"column":8},"end":{"line":575,"column":null}}]},"48":{"loc":{"start":{"line":578,"column":7},"end":{"line":584,"column":null}},"type":"binary-expr","locations":[{"start":{"line":578,"column":7},"end":{"line":578,"column":17}},{"start":{"line":579,"column":8},"end":{"line":583,"column":null}}]},"49":{"loc":{"start":{"line":586,"column":7},"end":{"line":592,"column":null}},"type":"binary-expr","locations":[{"start":{"line":586,"column":7},"end":{"line":586,"column":16}},{"start":{"line":587,"column":8},"end":{"line":591,"column":null}}]}},"s":{"0":1,"1":1,"2":1,"3":1,"4":1,"5":1,"6":1,"7":1,"8":10,"9":10,"10":10,"11":10,"12":10,"13":10,"14":10,"15":10,"16":10,"17":10,"18":10,"19":10,"20":10,"21":10,"22":10,"23":10,"24":10,"25":10,"26":10,"27":10,"28":10,"29":10,"30":40,"31":10,"32":0,"33":10,"34":1,"35":10,"36":0,"37":0,"38":10,"39":0,"40":10,"41":0,"42":10,"43":0,"44":10,"45":9,"46":8,"47":1,"48":1,"49":0,"50":10,"51":8,"52":8,"53":0,"54":0,"55":0,"56":10,"57":8,"58":8,"59":0,"60":0,"61":0,"62":10,"63":8,"64":8,"65":0,"66":0,"67":0,"68":10,"69":10,"70":10,"71":10,"72":10,"73":10,"74":10,"75":0,"76":0,"77":0,"78":0,"79":0,"80":0,"81":0,"82":0,"83":0,"84":0,"85":0,"86":0,"87":0,"88":0,"89":0,"90":0,"91":0,"92":0,"93":0,"94":0,"95":0,"96":0,"97":0,"98":0,"99":10,"100":0,"101":0,"102":0,"103":0,"104":0,"105":0,"106":0,"107":0,"108":0,"109":0,"110":0,"111":0,"112":0,"113":0,"114":0,"115":0,"116":10,"117":0,"118":0,"119":0,"120":0,"121":0,"122":0,"123":0,"124":0,"125":0,"126":0,"127":0,"128":10,"129":8,"130":0,"131":0,"132":0,"133":0,"134":0,"135":0,"136":8,"137":0,"138":0,"139":0,"140":0,"141":0,"142":0,"143":0,"144":8,"145":8,"146":10,"147":0,"148":0,"149":0,"150":0,"151":0,"152":0,"153":0,"154":1},"f":{"0":10,"1":0,"2":40,"3":0,"4":1,"5":0,"6":0,"7":0,"8":0,"9":9,"10":8,"11":8,"12":8,"13":0,"14":0,"15":0,"16":0,"17":0,"18":0,"19":0,"20":0,"21":8,"22":0,"23":0,"24":8,"25":0,"26":0,"27":0,"28":0,"29":0,"30":0,"31":0},"b":{"0":[8,1],"1":[1,0],"2":[8,0],"3":[0,0],"4":[8,0],"5":[0,0],"6":[8,0],"7":[0,0],"8":[0],"9":[0],"10":[0],"11":[0],"12":[0],"13":[0],"14":[0],"15":[0],"16":[0,0],"17":[0,0],"18":[0],"19":[0,0],"20":[0,0],"21":[0],"22":[8,0,0],"23":[0,0],"24":[0],"25":[0],"26":[8,0,0],"27":[10,0],"28":[10,0],"29":[10,0],"30":[10,0],"31":[10,0],"32":[0,10],"33":[10,0],"34":[0,0],"35":[0,0],"36":[0,0],"37":[0,0],"38":[0,0],"39":[0,0],"40":[0,0],"41":[0,10],"42":[0,10],"43":[0,10],"44":[10,0],"45":[10,0],"46":[10,0],"47":[10,0],"48":[10,0],"49":[10,0]}}
,"/Users/hyeonjin/Documents/FrontendProject/batton/src/state/tokenState.ts": {"path":"/Users/hyeonjin/Documents/FrontendProject/batton/src/state/tokenState.ts","statementMap":{"0":{"start":{"line":1,"column":0},"end":{"line":1,"column":39}},"1":{"start":{"line":3,"column":16},"end":{"line":3,"column":29}},"2":{"start":{"line":5,"column":25},"end":{"line":7,"column":1}},"3":{"start":{"line":6,"column":2},"end":{"line":6,"column":48}},"4":{"start":{"line":5,"column":13},"end":{"line":5,"column":25}},"5":{"start":{"line":9,"column":25},"end":{"line":11,"column":1}},"6":{"start":{"line":10,"column":1},"end":{"line":10,"column":26}},"7":{"start":{"line":9,"column":13},"end":{"line":9,"column":25}}},"fnMap":{"0":{"name":"(anonymous_0)","decl":{"start":{"line":5,"column":25},"end":{"line":5,"column":26}},"loc":{"start":{"line":5,"column":72},"end":{"line":7,"column":1}}},"1":{"name":"(anonymous_1)","decl":{"start":{"line":9,"column":25},"end":{"line":9,"column":26}},"loc":{"start":{"line":9,"column":42},"end":{"line":11,"column":1}}}},"branchMap":{},"s":{"0":1,"1":1,"2":1,"3":0,"4":1,"5":1,"6":0,"7":1},"f":{"0":0,"1":0},"b":{}}
,"/Users/hyeonjin/Documents/FrontendProject/batton/src/types/AxiosInterface.ts": {"path":"/Users/hyeonjin/Documents/FrontendProject/batton/src/types/AxiosInterface.ts","statementMap":{"0":{"start":{"line":1,"column":0},"end":{"line":1,"column":null}},"1":{"start":{"line":4,"column":0},"end":{"line":4,"column":50}},"2":{"start":{"line":9,"column":13},"end":{"line":11,"column":3}},"3":{"start":{"line":13,"column":0},"end":{"line":21,"column":null}},"4":{"start":{"line":15,"column":4},"end":{"line":15,"column":18}},"5":{"start":{"line":18,"column":4},"end":{"line":18,"column":23}},"6":{"start":{"line":19,"column":4},"end":{"line":19,"column":33}},"7":{"start":{"line":22,"column":0},"end":{"line":30,"column":null}},"8":{"start":{"line":24,"column":4},"end":{"line":24,"column":20}},"9":{"start":{"line":27,"column":4},"end":{"line":27,"column":23}},"10":{"start":{"line":28,"column":4},"end":{"line":28,"column":33}},"11":{"start":{"line":34,"column":13},"end":{"line":37,"column":3}},"12":{"start":{"line":40,"column":0},"end":{"line":52,"column":2}},"13":{"start":{"line":42,"column":4},"end":{"line":42,"column":56}},"14":{"start":{"line":44,"column":4},"end":{"line":44,"column":42}},"15":{"start":{"line":45,"column":4},"end":{"line":45,"column":null}},"16":{"start":{"line":46,"column":4},"end":{"line":46,"column":18}},"17":{"start":{"line":49,"column":4},"end":{"line":49,"column":23}},"18":{"start":{"line":50,"column":4},"end":{"line":50,"column":33}},"19":{"start":{"line":55,"column":0},"end":{"line":82,"column":2}},"20":{"start":{"line":57,"column":4},"end":{"line":57,"column":null}},"21":{"start":{"line":58,"column":4},"end":{"line":58,"column":26}},"22":{"start":{"line":59,"column":4},"end":{"line":59,"column":20}},"23":{"start":{"line":62,"column":4},"end":{"line":62,"column":null}},"24":{"start":{"line":63,"column":4},"end":{"line":63,"column":37}},"25":{"start":{"line":64,"column":4},"end":{"line":79,"column":null}},"26":{"start":{"line":65,"column":6},"end":{"line":74,"column":null}},"27":{"start":{"line":66,"column":8},"end":{"line":66,"column":29}},"28":{"start":{"line":68,"column":8},"end":{"line":68,"column":82}},"29":{"start":{"line":72,"column":8},"end":{"line":72,"column":43}},"30":{"start":{"line":75,"column":6},"end":{"line":75,"column":33}},"31":{"start":{"line":76,"column":11},"end":{"line":79,"column":null}},"32":{"start":{"line":77,"column":6},"end":{"line":77,"column":27}},"33":{"start":{"line":80,"column":4},"end":{"line":80,"column":31}},"34":{"start":{"line":85,"column":13},"end":{"line":88,"column":3}},"35":{"start":{"line":91,"column":0},"end":{"line":103,"column":2}},"36":{"start":{"line":93,"column":4},"end":{"line":93,"column":59}},"37":{"start":{"line":95,"column":4},"end":{"line":95,"column":42}},"38":{"start":{"line":96,"column":4},"end":{"line":96,"column":null}},"39":{"start":{"line":97,"column":4},"end":{"line":97,"column":18}},"40":{"start":{"line":100,"column":4},"end":{"line":100,"column":23}},"41":{"start":{"line":101,"column":4},"end":{"line":101,"column":33}},"42":{"start":{"line":106,"column":0},"end":{"line":128,"column":2}},"43":{"start":{"line":108,"column":4},"end":{"line":108,"column":20}},"44":{"start":{"line":112,"column":4},"end":{"line":112,"column":21}},"45":{"start":{"line":113,"column":4},"end":{"line":125,"column":null}},"46":{"start":{"line":114,"column":6},"end":{"line":123,"column":null}},"47":{"start":{"line":121,"column":8},"end":{"line":121,"column":43}},"48":{"start":{"line":124,"column":6},"end":{"line":124,"column":33}},"49":{"start":{"line":126,"column":4},"end":{"line":126,"column":31}}},"fnMap":{"0":{"name":"(anonymous_1)","decl":{"start":{"line":14,"column":2},"end":{"line":14,"column":12}},"loc":{"start":{"line":14,"column":18},"end":{"line":16,"column":3}}},"1":{"name":"(anonymous_2)","decl":{"start":{"line":17,"column":2},"end":{"line":17,"column":12}},"loc":{"start":{"line":17,"column":17},"end":{"line":20,"column":3}}},"2":{"name":"(anonymous_3)","decl":{"start":{"line":23,"column":2},"end":{"line":23,"column":12}},"loc":{"start":{"line":23,"column":20},"end":{"line":25,"column":3}}},"3":{"name":"(anonymous_4)","decl":{"start":{"line":26,"column":2},"end":{"line":26,"column":12}},"loc":{"start":{"line":26,"column":17},"end":{"line":29,"column":3}}},"4":{"name":"(anonymous_5)","decl":{"start":{"line":41,"column":2},"end":{"line":41,"column":12}},"loc":{"start":{"line":41,"column":18},"end":{"line":47,"column":3}}},"5":{"name":"(anonymous_6)","decl":{"start":{"line":48,"column":2},"end":{"line":48,"column":12}},"loc":{"start":{"line":48,"column":17},"end":{"line":51,"column":3}}},"6":{"name":"(anonymous_7)","decl":{"start":{"line":56,"column":2},"end":{"line":56,"column":12}},"loc":{"start":{"line":56,"column":20},"end":{"line":60,"column":3}}},"7":{"name":"(anonymous_8)","decl":{"start":{"line":61,"column":2},"end":{"line":61,"column":7}},"loc":{"start":{"line":61,"column":21},"end":{"line":81,"column":3}}},"8":{"name":"(anonymous_9)","decl":{"start":{"line":92,"column":2},"end":{"line":92,"column":12}},"loc":{"start":{"line":92,"column":18},"end":{"line":98,"column":3}}},"9":{"name":"(anonymous_10)","decl":{"start":{"line":99,"column":2},"end":{"line":99,"column":12}},"loc":{"start":{"line":99,"column":17},"end":{"line":102,"column":3}}},"10":{"name":"(anonymous_11)","decl":{"start":{"line":107,"column":2},"end":{"line":107,"column":12}},"loc":{"start":{"line":107,"column":20},"end":{"line":109,"column":3}}},"11":{"name":"(anonymous_12)","decl":{"start":{"line":110,"column":2},"end":{"line":110,"column":7}},"loc":{"start":{"line":110,"column":21},"end":{"line":127,"column":3}}}},"branchMap":{"0":{"loc":{"start":{"line":64,"column":4},"end":{"line":79,"column":null}},"type":"if","locations":[{"start":{"line":64,"column":4},"end":{"line":79,"column":null}},{"start":{"line":76,"column":11},"end":{"line":79,"column":null}}]},"1":{"loc":{"start":{"line":64,"column":8},"end":{"line":64,"column":50}},"type":"binary-expr","locations":[{"start":{"line":64,"column":8},"end":{"line":64,"column":20}},{"start":{"line":64,"column":24},"end":{"line":64,"column":50}}]},"2":{"loc":{"start":{"line":76,"column":11},"end":{"line":79,"column":null}},"type":"if","locations":[{"start":{"line":76,"column":11},"end":{"line":79,"column":null}}]},"3":{"loc":{"start":{"line":76,"column":15},"end":{"line":76,"column":57}},"type":"binary-expr","locations":[{"start":{"line":76,"column":15},"end":{"line":76,"column":27}},{"start":{"line":76,"column":31},"end":{"line":76,"column":57}}]},"4":{"loc":{"start":{"line":113,"column":4},"end":{"line":125,"column":null}},"type":"if","locations":[{"start":{"line":113,"column":4},"end":{"line":125,"column":null}}]},"5":{"loc":{"start":{"line":113,"column":8},"end":{"line":113,"column":67}},"type":"binary-expr","locations":[{"start":{"line":113,"column":8},"end":{"line":113,"column":20}},{"start":{"line":113,"column":24},"end":{"line":113,"column":67}}]}},"s":{"0":1,"1":1,"2":1,"3":1,"4":0,"5":0,"6":0,"7":1,"8":0,"9":0,"10":0,"11":1,"12":1,"13":0,"14":0,"15":0,"16":0,"17":0,"18":0,"19":1,"20":0,"21":0,"22":0,"23":0,"24":0,"25":0,"26":0,"27":0,"28":0,"29":0,"30":0,"31":0,"32":0,"33":0,"34":1,"35":1,"36":0,"37":0,"38":0,"39":0,"40":0,"41":0,"42":1,"43":0,"44":0,"45":0,"46":0,"47":0,"48":0,"49":0},"f":{"0":0,"1":0,"2":0,"3":0,"4":0,"5":0,"6":0,"7":0,"8":0,"9":0,"10":0,"11":0},"b":{"0":[0,0],"1":[0,0],"2":[0],"3":[0,0],"4":[0],"5":[0,0]}}
}
