TN:
SF:mocks/fileMock.ts
FNF:0
FNH:0
DA:1,2
DA:2,2
LF:2
LH:2
BRF:0
BRH:0
end_of_record
TN:
SF:src/components/CommonModal.tsx
FN:16,CommonModal
FNF:1
FNH:0
FNDA:0,CommonModal
DA:16,1
DA:17,0
LF:2
LH:1
BRF:0
BRH:0
end_of_record
TN:
SF:src/hooks/useInput.ts
FN:5,(anonymous_0)
FN:7,(anonymous_1)
FNF:2
FNH:1
FNDA:40,(anonymous_0)
FNDA:0,(anonymous_1)
DA:1,1
DA:5,1
DA:6,40
DA:7,40
DA:8,0
DA:10,40
DA:13,1
LF:7
LH:6
BRF:0
BRH:0
end_of_record
TN:
SF:src/pages/common/ForgetPwPage.tsx
FN:4,ForgetPwPage
FNF:1
FNH:1
FNDA:2,ForgetPwPage
DA:1,1
DA:2,1
DA:4,1
DA:5,2
LF:4
LH:4
BRF:0
BRH:0
end_of_record
TN:
SF:src/pages/common/LandingPage.tsx
FN:4,LandingPage
FN:14,(anonymous_2)
FNF:2
FNH:2
FNDA:3,LandingPage
FNDA:1,(anonymous_2)
DA:1,2
DA:2,2
DA:4,2
DA:5,3
DA:10,3
DA:14,1
LF:6
LH:6
BRF:0
BRH:0
end_of_record
TN:
SF:src/pages/common/NotFoundPage.tsx
FN:4,NotFoundPage
FN:10,(anonymous_2)
FNF:2
FNH:2
FNDA:2,NotFoundPage
FNDA:1,(anonymous_2)
DA:1,1
DA:2,1
DA:4,1
DA:5,2
DA:7,2
DA:10,1
LF:6
LH:6
BRF:0
BRH:0
end_of_record
TN:
SF:src/pages/common/SignupPage.tsx
FN:22,SignupPage
FN:65,(anonymous_2)
FN:81,(anonymous_3)
FN:91,(anonymous_4)
FN:107,(anonymous_5)
FN:114,(anonymous_6)
FN:122,(anonymous_7)
FN:129,(anonymous_8)
FN:137,(anonymous_9)
FN:144,(anonymous_10)
FN:155,(anonymous_11)
FN:166,(anonymous_12)
FN:178,(anonymous_13)
FN:195,(anonymous_14)
FN:233,(anonymous_15)
FN:247,(anonymous_16)
FN:264,(anonymous_17)
FN:273,(anonymous_18)
FN:276,(anonymous_19)
FN:279,(anonymous_20)
FN:290,(anonymous_21)
FN:302,(anonymous_22)
FN:306,(anonymous_23)
FN:328,(anonymous_24)
FN:333,(anonymous_25)
FN:353,(anonymous_26)
FN:551,(anonymous_27)
FN:559,(anonymous_28)
FN:567,(anonymous_29)
FN:575,(anonymous_30)
FN:583,(anonymous_31)
FN:591,(anonymous_32)
FNF:32
FNH:9
FNDA:10,SignupPage
FNDA:0,(anonymous_2)
FNDA:40,(anonymous_3)
FNDA:0,(anonymous_4)
FNDA:1,(anonymous_5)
FNDA:0,(anonymous_6)
FNDA:0,(anonymous_7)
FNDA:0,(anonymous_8)
FNDA:0,(anonymous_9)
FNDA:9,(anonymous_10)
FNDA:8,(anonymous_11)
FNDA:8,(anonymous_12)
FNDA:8,(anonymous_13)
FNDA:0,(anonymous_14)
FNDA:0,(anonymous_15)
FNDA:0,(anonymous_16)
FNDA:0,(anonymous_17)
FNDA:0,(anonymous_18)
FNDA:0,(anonymous_19)
FNDA:0,(anonymous_20)
FNDA:0,(anonymous_21)
FNDA:8,(anonymous_22)
FNDA:0,(anonymous_23)
FNDA:0,(anonymous_24)
FNDA:8,(anonymous_25)
FNDA:0,(anonymous_26)
FNDA:0,(anonymous_27)
FNDA:0,(anonymous_28)
FNDA:0,(anonymous_29)
FNDA:0,(anonymous_30)
FNDA:0,(anonymous_31)
FNDA:0,(anonymous_32)
DA:1,1
DA:2,1
DA:3,1
DA:4,1
DA:5,1
DA:6,1
DA:7,1
DA:8,1
DA:22,1
DA:24,10
DA:26,10
DA:29,10
DA:31,10
DA:33,10
DA:35,10
DA:37,10
DA:40,10
DA:42,10
DA:44,10
DA:46,10
DA:48,10
DA:50,10
DA:52,10
DA:54,10
DA:56,10
DA:59,10
DA:61,10
DA:69,10
DA:70,10
DA:72,10
DA:81,10
DA:82,40
DA:91,10
DA:92,0
DA:106,10
DA:108,1
DA:113,10
DA:115,0
DA:116,0
DA:121,10
DA:123,0
DA:128,10
DA:130,0
DA:136,10
DA:138,0
DA:144,10
DA:146,9
DA:147,8
DA:148,1
DA:149,1
DA:151,0
DA:155,10
DA:157,8
DA:158,8
DA:159,0
DA:160,0
DA:162,0
DA:166,10
DA:167,8
DA:168,8
DA:169,0
DA:170,0
DA:174,0
DA:178,10
DA:179,8
DA:180,8
DA:181,0
DA:182,0
DA:184,0
DA:188,10
DA:189,10
DA:190,10
DA:191,10
DA:192,10
DA:193,10
DA:195,10
DA:197,0
DA:198,0
DA:199,0
DA:202,0
DA:203,0
DA:204,0
DA:208,0
DA:209,0
DA:210,0
DA:214,0
DA:215,0
DA:216,0
DA:220,0
DA:221,0
DA:222,0
DA:224,0
DA:225,0
DA:233,0
DA:234,0
DA:235,0
DA:236,0
DA:237,0
DA:238,0
DA:242,0
DA:247,10
DA:248,0
DA:249,0
DA:252,0
DA:253,0
DA:256,0
DA:258,0
DA:262,0
DA:265,0
DA:266,0
DA:267,0
DA:268,0
DA:269,0
DA:270,0
DA:271,0
DA:274,0
DA:276,0
DA:279,10
DA:280,0
DA:281,0
DA:284,0
DA:288,0
DA:291,0
DA:292,0
DA:293,0
DA:294,0
DA:295,0
DA:296,0
DA:297,0
DA:302,10
DA:305,8
DA:306,0
DA:307,0
DA:308,0
DA:310,0
DA:311,0
DA:312,0
DA:318,8
DA:319,0
DA:320,0
DA:321,0
DA:322,0
DA:323,0
DA:328,0
DA:330,0
DA:333,8
DA:336,10
DA:353,0
DA:551,0
DA:559,0
DA:567,0
DA:575,0
DA:583,0
DA:591,0
LF:154
LH:67
BRDA:146,0,0,8
BRDA:146,0,1,1
BRDA:148,1,0,1
BRDA:148,1,1,0
BRDA:157,2,0,8
BRDA:157,2,1,0
BRDA:159,3,0,0
BRDA:159,3,1,0
BRDA:167,4,0,8
BRDA:167,4,1,0
BRDA:169,5,0,0
BRDA:169,5,1,0
BRDA:179,6,0,8
BRDA:179,6,1,0
BRDA:181,7,0,0
BRDA:181,7,1,0
BRDA:197,8,0,0
BRDA:202,9,0,0
BRDA:208,10,0,0
BRDA:214,11,0,0
BRDA:220,12,0,0
BRDA:236,13,0,0
BRDA:248,14,0,0
BRDA:252,15,0,0
BRDA:265,16,0,0
BRDA:265,16,1,0
BRDA:268,17,0,0
BRDA:268,17,1,0
BRDA:280,18,0,0
BRDA:291,19,0,0
BRDA:291,19,1,0
BRDA:295,20,0,0
BRDA:295,20,1,0
BRDA:305,21,0,0
BRDA:305,22,0,8
BRDA:305,22,1,0
BRDA:305,22,2,0
BRDA:307,23,0,0
BRDA:307,23,1,0
BRDA:310,24,0,0
BRDA:318,25,0,0
BRDA:318,26,0,8
BRDA:318,26,1,0
BRDA:318,26,2,0
BRDA:348,27,0,10
BRDA:348,27,1,0
BRDA:372,28,0,10
BRDA:372,28,1,0
BRDA:379,29,0,10
BRDA:379,29,1,0
BRDA:401,30,0,10
BRDA:401,30,1,0
BRDA:408,31,0,10
BRDA:408,31,1,0
BRDA:412,32,0,0
BRDA:412,32,1,10
BRDA:419,33,0,10
BRDA:419,33,1,0
BRDA:435,34,0,0
BRDA:435,34,1,0
BRDA:443,35,0,0
BRDA:443,35,1,0
BRDA:445,36,0,0
BRDA:445,36,1,0
BRDA:451,37,0,0
BRDA:451,37,1,0
BRDA:458,38,0,0
BRDA:458,38,1,0
BRDA:462,39,0,0
BRDA:462,39,1,0
BRDA:465,40,0,0
BRDA:465,40,1,0
BRDA:486,41,0,0
BRDA:486,41,1,10
BRDA:508,42,0,0
BRDA:508,42,1,10
BRDA:530,43,0,0
BRDA:530,43,1,10
BRDA:546,44,0,10
BRDA:546,44,1,0
BRDA:554,45,0,10
BRDA:554,45,1,0
BRDA:562,46,0,10
BRDA:562,46,1,0
BRDA:570,47,0,10
BRDA:570,47,1,0
BRDA:578,48,0,10
BRDA:578,48,1,0
BRDA:586,49,0,10
BRDA:586,49,1,0
BRF:90
BRH:24
end_of_record
TN:
SF:src/state/tokenState.ts
FN:5,(anonymous_0)
FN:9,(anonymous_1)
FNF:2
FNH:0
FNDA:0,(anonymous_0)
FNDA:0,(anonymous_1)
DA:1,1
DA:3,1
DA:5,1
DA:6,0
DA:9,1
DA:10,0
LF:6
LH:4
BRF:0
BRH:0
end_of_record
TN:
SF:src/types/AxiosInterface.ts
FN:14,(anonymous_1)
FN:17,(anonymous_2)
FN:23,(anonymous_3)
FN:26,(anonymous_4)
FN:41,(anonymous_5)
FN:48,(anonymous_6)
FN:56,(anonymous_7)
FN:61,(anonymous_8)
FN:92,(anonymous_9)
FN:99,(anonymous_10)
FN:107,(anonymous_11)
FN:110,(anonymous_12)
FNF:12
FNH:0
FNDA:0,(anonymous_1)
FNDA:0,(anonymous_2)
FNDA:0,(anonymous_3)
FNDA:0,(anonymous_4)
FNDA:0,(anonymous_5)
FNDA:0,(anonymous_6)
FNDA:0,(anonymous_7)
FNDA:0,(anonymous_8)
FNDA:0,(anonymous_9)
FNDA:0,(anonymous_10)
FNDA:0,(anonymous_11)
FNDA:0,(anonymous_12)
DA:1,1
DA:4,1
DA:9,1
DA:13,1
DA:15,0
DA:18,0
DA:19,0
DA:22,1
DA:24,0
DA:27,0
DA:28,0
DA:34,1
DA:40,1
DA:42,0
DA:44,0
DA:45,0
DA:46,0
DA:49,0
DA:50,0
DA:55,1
DA:57,0
DA:58,0
DA:59,0
DA:62,0
DA:63,0
DA:64,0
DA:65,0
DA:66,0
DA:68,0
DA:72,0
DA:75,0
DA:76,0
DA:77,0
DA:80,0
DA:85,1
DA:91,1
DA:93,0
DA:95,0
DA:96,0
DA:97,0
DA:100,0
DA:101,0
DA:106,1
DA:108,0
DA:112,0
DA:113,0
DA:114,0
DA:121,0
DA:124,0
DA:126,0
LF:50
LH:11
BRDA:64,0,0,0
BRDA:64,0,1,0
BRDA:64,1,0,0
BRDA:64,1,1,0
BRDA:76,2,0,0
BRDA:76,3,0,0
BRDA:76,3,1,0
BRDA:113,4,0,0
BRDA:113,5,0,0
BRDA:113,5,1,0
BRF:10
BRH:0
end_of_record
